TN:
SF:src/LPToken.sol
DA:17,18145
FN:17,LPToken.mint
FNDA:18145,LPToken.mint
DA:18,18140
BRDA:18,0,0,2
DA:19,18138
DA:22,10948
FN:22,LPToken.burn
FNDA:10948,LPToken.burn
DA:23,10946
BRDA:23,1,0,1
DA:24,10945
FNF:2
FNH:2
LF:6
LH:6
BRF:2
BRH:2
end_of_record
TN:
SF:src/pool.sol
DA:24,27
FN:24,LiquidityPool.constructor
FNDA:27,LiquidityPool.constructor
DA:25,27
DA:26,27
DA:27,27
DA:28,27
DA:32,1031
FN:32,LiquidityPool.addLiquidity
FNDA:1031,LiquidityPool.addLiquidity
DA:33,1031
BRDA:33,0,0,2
DA:35,1029
DA:36,1028
DA:38,1027
DA:39,1027
BRDA:39,1,0,1018
BRDA:39,1,1,9
DA:41,1018
DA:44,9
DA:50,1027
BRDA:50,2,0,-
DA:51,1027
DA:53,1027
DA:54,1027
DA:58,11
FN:58,LiquidityPool.removeLiquidity
FNDA:11,LiquidityPool.removeLiquidity
DA:59,11
BRDA:59,3,0,1
DA:61,10
DA:63,10
DA:64,10
DA:66,10
DA:67,10
DA:68,8
DA:70,6
DA:71,6
DA:75,21
FN:75,LiquidityPool._min
FNDA:21,LiquidityPool._min
DA:76,21
DA:79,1036
FN:79,LiquidityPool._sqrt
FNDA:1036,LiquidityPool._sqrt
DA:80,1036
BRDA:80,4,0,1024
BRDA:80,4,1,12
DA:81,1024
DA:82,1024
DA:83,76253
DA:84,75229
DA:85,75229
DA:87,12
BRDA:87,5,0,9
DA:88,9
FNF:5
FNH:5
LF:38
LH:38
BRF:8
BRH:7
end_of_record
TN:
SF:src/swapCoin.sol
DA:38,24
FN:38,SwapCoin.constructor
FNDA:24,SwapCoin.constructor
DA:44,24
DA:45,24
DA:46,24
DA:47,24
DA:56,1029
FN:56,SwapCoin.swap
FNDA:1029,SwapCoin.swap
DA:57,1029
BRDA:57,0,0,1
DA:58,1028
BRDA:58,1,0,1
DA:59,1027
BRDA:59,2,0,1
DA:60,1026
BRDA:60,3,0,1
DA:61,1025
BRDA:61,4,0,-
DA:64,1025
DA:67,1022
DA:68,1016
DA:71,1013
DA:73,1013
DA:74,1013
BRDA:74,5,0,3
DA:76,1010
DA:77,1007
BRDA:77,6,0,-
DA:79,1007
DA:87,2038
FN:87,SwapCoin._getPrice
FNDA:2038,SwapCoin._getPrice
DA:88,2038
DA:89,2038
DA:91,2038
DA:92,2036
BRDA:92,7,0,7
BRDA:92,7,1,2029
DA:93,2029
FNF:3
FNH:3
LF:26
LH:26
BRF:9
BRH:7
end_of_record
TN:
SF:test/Base/LPTokenBaseTest.t.sol
DA:20,40
FN:20,LPTokenBaseTest.setUp
FNDA:40,LPTokenBaseTest.setUp
DA:21,40
DA:22,40
DA:23,40
DA:24,40
DA:27,40
DA:28,40
DA:32,9
FN:32,LPTokenBaseTest._mintTokens
FNDA:9,LPTokenBaseTest._mintTokens
DA:33,9
DA:36,3
FN:36,LPTokenBaseTest._approveTokens
FNDA:3,LPTokenBaseTest._approveTokens
DA:37,3
DA:38,3
FNF:3
FNH:3
LF:12
LH:12
BRF:0
BRH:0
end_of_record
TN:
SF:test/Invariant/LPToken/LPTokenInvariant.t.sol
DA:20,3
FN:20,LPTokenHandler.constructor
FNDA:3,LPTokenHandler.constructor
DA:21,3
DA:24,5066
FN:24,LPTokenHandler.addTokenRecipient
FNDA:5066,LPTokenHandler.addTokenRecipient
DA:25,5066
BRDA:25,0,0,4991
DA:26,4991
DA:27,4991
DA:31,0
FN:31,LPTokenHandler.getTokenRecipientsLength
FNDA:0,LPTokenHandler.getTokenRecipientsLength
DA:32,0
DA:35,5095
FN:35,LPTokenHandler.mint
FNDA:5095,LPTokenHandler.mint
DA:37,5095
DA:39,5094
DA:40,5094
DA:43,5094
BRDA:43,2,0,5094
DA:45,5094
DA:46,5094
DA:49,5094
BRDA:49,3,0,5029
DA:50,5029
DA:51,5029
DA:56,5055
FN:56,LPTokenHandler.burn
FNDA:5055,LPTokenHandler.burn
DA:58,5055
DA:61,5048
DA:62,5048
DA:65,5048
BRDA:65,5,0,5048
DA:66,5048
BRDA:66,6,0,5048
DA:68,5048
DA:69,5048
DA:74,5049
FN:74,LPTokenHandler.transfer
FNDA:5049,LPTokenHandler.transfer
DA:75,5049
DA:76,5045
DA:77,5045
BRDA:77,8,0,5045
DA:78,5045
BRDA:78,9,0,5045
DA:79,5024
DA:80,5024
DA:83,5024
BRDA:83,10,0,4927
DA:84,4927
DA:85,4927
DA:91,4957
FN:91,LPTokenHandler.approve
FNDA:4957,LPTokenHandler.approve
DA:92,4957
DA:93,4952
DA:94,4952
DA:95,4952
BRDA:95,12,0,4952
DA:98,5096
FN:98,LPTokenHandler.transferFrom
FNDA:5096,LPTokenHandler.transferFrom
DA:99,5096
DA:100,5085
DA:101,5085
BRDA:101,14,0,5065
DA:102,5065
DA:103,5065
BRDA:103,15,0,5065
DA:104,5061
DA:105,5061
DA:108,5061
BRDA:108,16,0,4985
DA:109,4985
DA:110,4985
DA:117,0
FN:117,LPTokenHandler.getBalance
FNDA:0,LPTokenHandler.getBalance
DA:118,0
DA:121,0
FN:121,LPTokenHandler.getTotalSupply
FNDA:0,LPTokenHandler.getTotalSupply
DA:122,0
FNF:10
FNH:7
LF:56
LH:50
BRF:12
BRH:12
end_of_record
TN:
SF:test/Mock/AggregatorV3Interface.sol
DA:15,0
FN:15,MockPriceFeed.constructor
FNDA:0,MockPriceFeed.constructor
DA:16,0
DA:19,0
FN:19,MockPriceFeed.decimals
FNDA:0,MockPriceFeed.decimals
DA:20,0
DA:23,0
FN:23,MockPriceFeed.description
FNDA:0,MockPriceFeed.description
DA:24,0
DA:27,0
FN:27,MockPriceFeed.version
FNDA:0,MockPriceFeed.version
DA:28,0
DA:31,0
FN:31,MockPriceFeed.getRoundData
FNDA:0,MockPriceFeed.getRoundData
DA:38,0
DA:41,0
FN:41,MockPriceFeed.latestRoundData
FNDA:0,MockPriceFeed.latestRoundData
DA:48,0
DA:51,0
FN:51,MockPriceFeed.setPrice
FNDA:0,MockPriceFeed.setPrice
DA:52,0
FNF:7
FNH:0
LF:14
LH:0
BRF:0
BRH:0
end_of_record
TN:
SF:test/Mock/MockERC20.sol
DA:9,102
FN:9,MockERC20.constructor
FNDA:102,MockERC20.constructor
DA:10,102
DA:13,2187
FN:13,MockERC20.mint
FNDA:2187,MockERC20.mint
DA:14,2187
DA:17,0
FN:17,MockERC20.burn
FNDA:0,MockERC20.burn
DA:18,0
DA:21,14
FN:21,MockERC20.setShouldRevert
FNDA:14,MockERC20.setShouldRevert
DA:22,14
DA:25,1028
FN:25,MockERC20.transfer
FNDA:1028,MockERC20.transfer
DA:26,7
BRDA:26,0,0,7
DA:27,7
DA:29,1021
DA:32,3082
FN:32,MockERC20.transferFrom
FNDA:3082,MockERC20.transferFrom
DA:33,5
BRDA:33,1,0,5
DA:34,5
DA:36,3077
FNF:6
FNH:5
LF:16
LH:14
BRF:2
BRH:2
end_of_record
TN:
SF:test/Mock/MockPriceFeed.sol
DA:11,48
FN:11,MockPriceFeed.constructor
FNDA:48,MockPriceFeed.constructor
DA:12,48
DA:13,48
DA:16,0
FN:16,MockPriceFeed.decimals
FNDA:0,MockPriceFeed.decimals
DA:17,0
DA:20,0
FN:20,MockPriceFeed.description
FNDA:0,MockPriceFeed.description
DA:21,0
DA:24,0
FN:24,MockPriceFeed.version
FNDA:0,MockPriceFeed.version
DA:25,0
DA:28,0
FN:28,MockPriceFeed.getRoundData
FNDA:0,MockPriceFeed.getRoundData
DA:40,0
BRDA:40,0,0,-
DA:41,0
DA:43,0
DA:46,2038
FN:46,MockPriceFeed.latestRoundData
FNDA:2038,MockPriceFeed.latestRoundData
DA:58,2
BRDA:58,1,0,2
DA:59,2
DA:61,2036
DA:64,60
FN:64,MockPriceFeed.setPrice
FNDA:60,MockPriceFeed.setPrice
DA:65,60
DA:68,3
FN:68,MockPriceFeed.setShouldRevert
FNDA:3,MockPriceFeed.setShouldRevert
DA:69,3
FNF:8
FNH:4
LF:21
LH:11
BRF:2
BRH:1
end_of_record
TN:
SF:test/Mock/TestLiquidityPool.sol
DA:9,12
FN:9,TestLiquidityPool.min
FNDA:12,TestLiquidityPool.min
DA:10,12
DA:13,18
FN:13,TestLiquidityPool.sqrt
FNDA:18,TestLiquidityPool.sqrt
DA:14,18
FNF:2
FNH:2
LF:4
LH:4
BRF:0
BRH:0
end_of_record
